Build started 25/5/2018 14:32:29.
     1>Project "A:\ogdf.v2015.05\coin.vcxproj" on node 2 (build target(s)).
     1>InitializeBuildStatus:
         Touching "Win32\Debug\coin\coin.unsuccessfulbuild".
       ClCompile:
         All outputs are up-to-date.
       Lib:
         C:\Program Files (x86)\Microsoft Visual Studio 10.0\VC\bin\Lib.exe /OUT:"A:\ogdf.v2015.05\Win32\Debug\coin.lib" /NOLOGO Win32\Debug\coin\CglAllDifferent.obj
         Win32\Debug\coin\CglClique.obj
         Win32\Debug\coin\CglCliqueHelper.obj
         Win32\Debug\coin\CglCliqueTest.obj
         Win32\Debug\coin\CglCutGenerator.obj
         Win32\Debug\coin\CglDuplicateRow.obj
         Win32\Debug\coin\CglFlowCover.obj
         Win32\Debug\coin\CglFlowCoverTest.obj
         Win32\Debug\coin\CglGomory.obj
         Win32\Debug\coin\CglGomoryTest.obj
         Win32\Debug\coin\CglKnapsackCover.obj
         Win32\Debug\coin\CglKnapsackCoverTest.obj
         Win32\Debug\coin\CglLandP.obj
         Win32\Debug\coin\CglLandPMessages.obj
         Win32\Debug\coin\CglLandPSimplex.obj
         Win32\Debug\coin\CglLandPTabRow.obj
         Win32\Debug\coin\CglLandPTest.obj
         Win32\Debug\coin\CglLandPUtils.obj
         Win32\Debug\coin\CglLandPValidator.obj
         Win32\Debug\coin\CglLiftAndProject.obj
         Win32\Debug\coin\CglMessage.obj
         Win32\Debug\coin\CglMixedIntegerRounding.obj
         Win32\Debug\coin\CglMixedIntegerRounding2.obj
         Win32\Debug\coin\CglMixedIntegerRounding2Test.obj
         Win32\Debug\coin\CglMixedIntegerRoundingTest.obj
         Win32\Debug\coin\CglOddHole.obj
         Win32\Debug\coin\CglOddHoleTest.obj
         Win32\Debug\coin\CglParam.obj
         Win32\Debug\coin\CglPreProcess.obj
         Win32\Debug\coin\CglProbing.obj
         Win32\Debug\coin\CglProbingTest.obj
         Win32\Debug\coin\CglRedSplit.obj
         Win32\Debug\coin\CglRedSplitParam.obj
         Win32\Debug\coin\CglRedSplitTest.obj
         Win32\Debug\coin\CglResidualCapacity.obj
         Win32\Debug\coin\CglResidualCapacityTest.obj
         Win32\Debug\coin\CglSimpleRounding.obj
         Win32\Debug\coin\CglSimpleRoundingTest.obj
         Win32\Debug\coin\CglStored.obj
         Win32\Debug\coin\CglTreeInfo.obj
         Win32\Debug\coin\CglTwomir.obj
         Win32\Debug\coin\CglTwomirTest.obj
         Win32\Debug\coin\ClpCholeskyBase.obj
         Win32\Debug\coin\ClpCholeskyDense.obj
         Win32\Debug\coin\ClpCholeskyTaucs.obj
         Win32\Debug\coin\ClpConstraint.obj
         Win32\Debug\coin\ClpConstraintLinear.obj
         Win32\Debug\coin\ClpConstraintQuadratic.obj
         Win32\Debug\coin\ClpDualRowDantzig.obj
         Win32\Debug\coin\ClpDualRowPivot.obj
         Win32\Debug\coin\ClpDualRowSteepest.obj
         Win32\Debug\coin\ClpDummyMatrix.obj
         Win32\Debug\coin\ClpDynamicExampleMatrix.obj
         Win32\Debug\coin\ClpDynamicMatrix.obj
         Win32\Debug\coin\ClpEventHandler.obj
         Win32\Debug\coin\ClpFactorization.obj
         Win32\Debug\coin\ClpGubDynamicMatrix.obj
         Win32\Debug\coin\ClpGubMatrix.obj
         Win32\Debug\coin\ClpHelperFunctions.obj
         Win32\Debug\coin\ClpInterior.obj
         Win32\Debug\coin\ClpLinearObjective.obj
         Win32\Debug\coin\ClpLsqr.obj
         Win32\Debug\coin\ClpMatrixBase.obj
         Win32\Debug\coin\ClpMessage.obj
         Win32\Debug\coin\ClpModel.obj
         Win32\Debug\coin\ClpNetworkBasis.obj
         Win32\Debug\coin\ClpNetworkMatrix.obj
         Win32\Debug\coin\ClpNode.obj
         Win32\Debug\coin\ClpNonLinearCost.obj
         Win32\Debug\coin\ClpObjective.obj
         Win32\Debug\coin\ClpPackedMatrix.obj
         Win32\Debug\coin\ClpPdco.obj
         Win32\Debug\coin\ClpPdcoBase.obj
         Win32\Debug\coin\ClpPlusMinusOneMatrix.obj
         Win32\Debug\coin\ClpPredictorCorrector.obj
         Win32\Debug\coin\ClpPresolve.obj
         Win32\Debug\coin\ClpPrimalColumnDantzig.obj
         Win32\Debug\coin\ClpPrimalColumnPivot.obj
         Win32\Debug\coin\ClpPrimalColumnSteepest.obj
         Win32\Debug\coin\ClpQuadraticObjective.obj
         Win32\Debug\coin\ClpSimplex.obj
         Win32\Debug\coin\ClpSimplexDual.obj
         Win32\Debug\coin\ClpSimplexNonlinear.obj
         Win32\Debug\coin\ClpSimplexOther.obj
         Win32\Debug\coin\ClpSimplexPrimal.obj
         Win32\Debug\coin\ClpSolve.obj
         Win32\Debug\coin\Clp_C_Interface.obj
         Win32\Debug\coin\IdiSolve.obj
         Win32\Debug\coin\Idiot.obj
         Win32\Debug\coin\MyEventHandler.obj
         Win32\Debug\coin\MyMessageHandler.obj
         Win32\Debug\coin\unitTest.obj
         Win32\Debug\coin\CoinAlloc.obj
         Win32\Debug\coin\CoinBuild.obj
         Win32\Debug\coin\CoinDenseFactorization.obj
         Win32\Debug\coin\CoinDenseVector.obj
         Win32\Debug\coin\CoinError.obj
         Win32\Debug\coin\CoinFactorization1.obj
         Win32\Debug\coin\CoinFactorization2.obj
         Win32\Debug\coin\CoinFactorization3.obj
         Win32\Debug\coin\CoinFactorization4.obj
         Win32\Debug\coin\CoinFileIO.obj
         Win32\Debug\coin\CoinFinite.obj
         Win32\Debug\coin\CoinIndexedVector.obj
         Win32\Debug\coin\CoinLpIO.obj
         Win32\Debug\coin\CoinMessage.obj
         Win32\Debug\coin\CoinMessageHandler.obj
         Win32\Debug\coin\CoinModel.obj
         Win32\Debug\coin\CoinModelUseful.obj
         Win32\Debug\coin\CoinModelUseful2.obj
         Win32\Debug\coin\CoinMpsIO.obj
         Win32\Debug\coin\CoinOslFactorization.obj
         Win32\Debug\coin\CoinOslFactorization2.obj
         Win32\Debug\coin\CoinOslFactorization3.obj
         Win32\Debug\coin\CoinPackedMatrix.obj
         Win32\Debug\coin\CoinPackedVector.obj
         Win32\Debug\coin\CoinPackedVectorBase.obj
         Win32\Debug\coin\CoinParam.obj
         Win32\Debug\coin\CoinParamUtils.obj
         Win32\Debug\coin\CoinPostsolveMatrix.obj
         Win32\Debug\coin\CoinPrePostsolveMatrix.obj
         Win32\Debug\coin\CoinPresolveDoubleton.obj
         Win32\Debug\coin\CoinPresolveDual.obj
         Win32\Debug\coin\CoinPresolveDupcol.obj
         Win32\Debug\coin\CoinPresolveEmpty.obj
         Win32\Debug\coin\CoinPresolveFixed.obj
         Win32\Debug\coin\CoinPresolveForcing.obj
         Win32\Debug\coin\CoinPresolveHelperFunctions.obj
         Win32\Debug\coin\CoinPresolveImpliedFree.obj
         Win32\Debug\coin\CoinPresolveIsolated.obj
         Win32\Debug\coin\CoinPresolveMatrix.obj
         Win32\Debug\coin\CoinPresolvePsdebug.obj
         Win32\Debug\coin\CoinPresolveSingleton.obj
         Win32\Debug\coin\CoinPresolveSubst.obj
         Win32\Debug\coin\CoinPresolveTighten.obj
         Win32\Debug\coin\CoinPresolveTripleton.obj
         Win32\Debug\coin\CoinPresolveUseless.obj
         Win32\Debug\coin\CoinPresolveZeros.obj
         Win32\Debug\coin\CoinSearchTree.obj
         Win32\Debug\coin\CoinShallowPackedVector.obj
         Win32\Debug\coin\CoinSimpFactorization.obj
         Win32\Debug\coin\CoinSnapshot.obj
         Win32\Debug\coin\CoinStructuredModel.obj
         Win32\Debug\coin\CoinWarmStartBasis.obj
         Win32\Debug\coin\CoinWarmStartDual.obj
         Win32\Debug\coin\CoinWarmStartPrimalDual.obj
         Win32\Debug\coin\CoinWarmStartVector.obj
         Win32\Debug\coin\OsiAuxInfo.obj
         Win32\Debug\coin\OsiBranchingObject.obj
         Win32\Debug\coin\OsiChooseVariable.obj
         Win32\Debug\coin\OsiColCut.obj
         Win32\Debug\coin\OsiCut.obj
         Win32\Debug\coin\OsiCuts.obj
         Win32\Debug\coin\OsiNames.obj
         Win32\Debug\coin\OsiPresolve.obj
         Win32\Debug\coin\OsiRowCut.obj
         Win32\Debug\coin\OsiRowCutDebugger.obj
         Win32\Debug\coin\OsiSolverBranch.obj
         Win32\Debug\coin\OsiSolverInterface.obj
         Win32\Debug\coin\OsiClpSolverInterface.obj
         Win32\Debug\coin\OsiSymSolverInterface.obj
         Win32\Debug\coin\SymWarmStart.obj
         Win32\Debug\coin\cg_func.obj
         Win32\Debug\coin\cg_proccomm.obj
         Win32\Debug\coin\cg_wrapper.obj
         Win32\Debug\coin\cp_func.obj
         Win32\Debug\coin\cp_proccomm.obj
         Win32\Debug\coin\cp_wrapper.obj
         Win32\Debug\coin\cut_gen.obj
         Win32\Debug\coin\cut_pool.obj
         Win32\Debug\coin\lp.obj
         Win32\Debug\coin\lp_branch.obj
         Win32\Debug\coin\lp_free.obj
         Win32\Debug\coin\lp_genfunc.obj
         Win32\Debug\coin\lp_heuristics.obj
         Win32\Debug\coin\lp_proccomm.obj
         Win32\Debug\coin\lp_rowfunc.obj
         Win32\Debug\coin\lp_solver.obj
         Win32\Debug\coin\lp_sp.obj
         Win32\Debug\coin\lp_varfunc.obj
         Win32\Debug\coin\lp_wrapper.obj
         Win32\Debug\coin\master.obj
         Win32\Debug\coin\master_func.obj
         Win32\Debug\coin\master_io.obj
         Win32\Debug\coin\master_prep.obj
         Win32\Debug\coin\master_prep_base.obj
         Win32\Debug\coin\master_prep_sr.obj
         Win32\Debug\coin\master_wrapper.obj
         Win32\Debug\coin\pack_array.obj
         Win32\Debug\coin\pack_cut.obj
         Win32\Debug\coin\proccomm.obj
         Win32\Debug\coin\sym_qsort.obj
         Win32\Debug\coin\timemeas.obj
         Win32\Debug\coin\tm_func.obj
         Win32\Debug\coin\tm_proccomm.obj
     1>CoinPresolvePsdebug.obj : warning LNK4221: This object file does not define any previously undefined public symbols, so it will not be used by any link operation that consumes this library
         coin.vcxproj -> A:\ogdf.v2015.05\Win32\Debug\coin.lib
       FinalizeBuildStatus:
         Deleting file "Win32\Debug\coin\coin.unsuccessfulbuild".
         Touching "Win32\Debug\coin\coin.lastbuildstate".
     1>Done Building Project "A:\ogdf.v2015.05\coin.vcxproj" (build target(s)).

Build succeeded.

Time Elapsed 00:00:28.99
